#-----------------------------------------------------------
# Vivado v2018.2 (64-bit)
# SW Build 2258646 on Thu Jun 14 20:03:12 MDT 2018
# IP Build 2256618 on Thu Jun 14 22:10:49 MDT 2018
# Start of session at: Thu Feb 29 22:32:36 2024
# Process ID: 21052
# Current directory: C:/Users/C27Brandon.Sweitzer/code/ece281-ice3
# Command line: vivado.exe -gui_launcher_event rodinguilauncherevent3148 C:\Users\C27Brandon.Sweitzer\code\ece281-ice3\fullAdder.xpr
# Log file: C:/Users/C27Brandon.Sweitzer/code/ece281-ice3/vivado.log
# Journal file: C:/Users/C27Brandon.Sweitzer/code/ece281-ice3\vivado.jou
#-----------------------------------------------------------
start_gui
open_project C:/Users/C27Brandon.Sweitzer/code/ece281-ice3/fullAdder.xpr
Scanning sources...
Finished scanning sources
INFO: [IP_Flow 19-234] Refreshing IP repositories
INFO: [IP_Flow 19-1704] No user IP repositories specified
INFO: [IP_Flow 19-2313] Loaded Vivado IP repository 'C:/Xilinx/Vivado/2018.2/data/ip'.
open_project: Time (s): cpu = 00:00:05 ; elapsed = 00:00:07 . Memory (MB): peak = 783.742 ; gain = 36.230
launch_simulation
INFO: [Vivado 12-5682] Launching behavioral simulation in 'C:/Users/C27Brandon.Sweitzer/code/ece281-ice3/fullAdder.sim/sim_1/behav/xsim'
INFO: [SIM-utils-51] Simulation object is 'sim_1'
INFO: [SIM-utils-54] Inspecting design source files for 'top_basys3_tb' in fileset 'sim_1'...
INFO: [USF-XSim-97] Finding global include files...
INFO: [USF-XSim-101] Fetching design files from 'sim_1'...
INFO: [USF-XSim-2] XSim::Compile design
INFO: [USF-XSim-61] Executing 'COMPILE and ANALYZE' step in 'C:/Users/C27Brandon.Sweitzer/code/ece281-ice3/fullAdder.sim/sim_1/behav/xsim'
"xvhdl --incr --relax -prj top_basys3_tb_vhdl.prj"
INFO: [USF-XSim-69] 'compile' step finished in '3' seconds
INFO: [USF-XSim-3] XSim::Elaborate design
INFO: [USF-XSim-61] Executing 'ELABORATE' step in 'C:/Users/C27Brandon.Sweitzer/code/ece281-ice3/fullAdder.sim/sim_1/behav/xsim'
Vivado Simulator 2018.2
Copyright 1986-1999, 2001-2018 Xilinx, Inc. All Rights Reserved.
Running: C:/Xilinx/Vivado/2018.2/bin/unwrapped/win64.o/xelab.exe -wto ea1aea8553474ced85dc86dcdbbeee49 --incr --debug typical --relax --mt 2 -L xil_defaultlib -L secureip --snapshot top_basys3_tb_behav xil_defaultlib.top_basys3_tb -log elaborate.log 
Using 2 slave threads.
Starting static elaboration
Completed static elaboration
INFO: [XSIM 43-4323] No Change in HDL. Linking previously generated obj files to create kernel
INFO: [USF-XSim-69] 'elaborate' step finished in '2' seconds
INFO: [USF-XSim-4] XSim::Simulate design
INFO: [USF-XSim-61] Executing 'SIMULATE' step in 'C:/Users/C27Brandon.Sweitzer/code/ece281-ice3/fullAdder.sim/sim_1/behav/xsim'
INFO: [USF-XSim-98] *** Running xsim
   with args "top_basys3_tb_behav -key {Behavioral:sim_1:Functional:top_basys3_tb} -tclbatch {top_basys3_tb.tcl} -log {simulate.log}"
INFO: [USF-XSim-8] Loading simulator feature
Vivado Simulator 2018.2
Time resolution is 1 ps
source top_basys3_tb.tcl
# set curr_wave [current_wave_config]
# if { [string length $curr_wave] == 0 } {
#   if { [llength [get_objects]] > 0} {
#     add_wave /
#     set_property needs_save false [current_wave_config]
#   } else {
#      send_msg_id Add_Wave-1 WARNING "No top level signals found. Simulator will start without a wave window. If you want to open a wave window go to 'File->New Waveform Configuration' or type 'create_wave_config' in the TCL console."
#   }
# }
# run 1000ns
INFO: [USF-XSim-96] XSim completed. Design snapshot 'top_basys3_tb_behav' loaded.
INFO: [USF-XSim-97] XSim simulation ran for 1000ns
launch_simulation: Time (s): cpu = 00:00:02 ; elapsed = 00:00:09 . Memory (MB): peak = 801.523 ; gain = 1.094
launch_runs impl_1 -to_step write_bitstream -jobs 8
ERROR: [Common 17-70] Application Exception: Top module not set for fileset 'sources_1'. Please ensure that a valid value is provided for 'top'. The value for 'top' can be set/changed using the 'Top Module Name' field under 'Project Settings', or using the 'set_property top' Tcl command (e.g. set_property top <name> [current_fileset]).
set_property top top_basys3 [current_fileset]
launch_runs impl_1 -to_step write_bitstream -jobs 8
[Thu Feb 29 22:35:10 2024] Launched synth_1...
Run output will be captured here: C:/Users/C27Brandon.Sweitzer/code/ece281-ice3/fullAdder.runs/synth_1/runme.log
[Thu Feb 29 22:35:10 2024] Launched impl_1...
Run output will be captured here: C:/Users/C27Brandon.Sweitzer/code/ece281-ice3/fullAdder.runs/impl_1/runme.log
open_run impl_1
INFO: [Netlist 29-17] Analyzing 3 Unisim elements for replacement
INFO: [Netlist 29-28] Unisim Transformation completed in 0 CPU seconds
INFO: [Project 1-479] Netlist was created with Vivado 2018.2
INFO: [Device 21-403] Loading part xc7a35tcpg236-1
INFO: [Project 1-570] Preparing netlist for logic optimization
INFO: [Timing 38-478] Restoring timing data from binary archive.
INFO: [Timing 38-479] Binary timing data restore complete.
INFO: [Project 1-856] Restoring constraints from binary archive.
INFO: [Project 1-853] Binary constraint restore complete.
Reading XDEF placement.
Reading placer database...
Reading XDEF routing.
Read XDEF File: Time (s): cpu = 00:00:00 ; elapsed = 00:00:00.026 . Memory (MB): peak = 1661.043 ; gain = 0.000
Restored from archive | CPU: 0.000000 secs | Memory: 0.000000 MB |
Finished XDEF File Restore: Time (s): cpu = 00:00:00 ; elapsed = 00:00:00.027 . Memory (MB): peak = 1661.043 ; gain = 0.000
INFO: [Project 1-111] Unisim Transformation Summary:
No Unisim elements were transformed.

open_run: Time (s): cpu = 00:00:16 ; elapsed = 00:00:18 . Memory (MB): peak = 1764.234 ; gain = 900.430
WARNING: [Timing 38-313] There are no user specified timing constraints. Timing constraints are needed for proper timing analysis.
run 70 ns
run 70 ns
reset_run impl_1 -prev_step 
launch_runs impl_1 -to_step write_bitstream -jobs 8
[Fri Mar  1 00:05:02 2024] Launched impl_1...
Run output will be captured here: C:/Users/C27Brandon.Sweitzer/code/ece281-ice3/fullAdder.runs/impl_1/runme.log
reset_run synth_1
launch_runs impl_1 -to_step write_bitstream -jobs 8
[Fri Mar  1 00:07:59 2024] Launched synth_1...
Run output will be captured here: C:/Users/C27Brandon.Sweitzer/code/ece281-ice3/fullAdder.runs/synth_1/runme.log
[Fri Mar  1 00:07:59 2024] Launched impl_1...
Run output will be captured here: C:/Users/C27Brandon.Sweitzer/code/ece281-ice3/fullAdder.runs/impl_1/runme.log
reset_run impl_1 -prev_step 
launch_runs impl_1 -to_step write_bitstream -jobs 8
[Fri Mar  1 00:20:36 2024] Launched impl_1...
Run output will be captured here: C:/Users/C27Brandon.Sweitzer/code/ece281-ice3/fullAdder.runs/impl_1/runme.log
close_sim
INFO: [Simtcl 6-16] Simulation closed
close_project
open_project C:/Users/C27Brandon.Sweitzer/code/ece281-lab2/src/hdl/binaryHexDisplay/binaryHexDisplay.xpr
Scanning sources...
Finished scanning sources
INFO: [IP_Flow 19-234] Refreshing IP repositories
INFO: [IP_Flow 19-1704] No user IP repositories specified
INFO: [IP_Flow 19-2313] Loaded Vivado IP repository 'C:/Xilinx/Vivado/2018.2/data/ip'.
update_compile_order -fileset sources_1
launch_simulation
INFO: [Vivado 12-5682] Launching behavioral simulation in 'C:/Users/C27Brandon.Sweitzer/code/ece281-lab2/src/hdl/binaryHexDisplay/binaryHexDisplay.sim/sim_1/behav/xsim'
INFO: [SIM-utils-51] Simulation object is 'sim_1'
INFO: [SIM-utils-54] Inspecting design source files for 'sevenSegDecoder_tb' in fileset 'sim_1'...
INFO: [USF-XSim-97] Finding global include files...
INFO: [USF-XSim-98] Fetching design files from 'sim_1'...
INFO: [USF-XSim-2] XSim::Compile design
INFO: [USF-XSim-61] Executing 'COMPILE and ANALYZE' step in 'C:/Users/C27Brandon.Sweitzer/code/ece281-lab2/src/hdl/binaryHexDisplay/binaryHexDisplay.sim/sim_1/behav/xsim'
"xvhdl --incr --relax -prj sevenSegDecoder_tb_vhdl.prj"
INFO: [USF-XSim-69] 'compile' step finished in '1' seconds
INFO: [USF-XSim-3] XSim::Elaborate design
INFO: [USF-XSim-61] Executing 'ELABORATE' step in 'C:/Users/C27Brandon.Sweitzer/code/ece281-lab2/src/hdl/binaryHexDisplay/binaryHexDisplay.sim/sim_1/behav/xsim'
Vivado Simulator 2018.2
Copyright 1986-1999, 2001-2018 Xilinx, Inc. All Rights Reserved.
Running: C:/Xilinx/Vivado/2018.2/bin/unwrapped/win64.o/xelab.exe -wto 02fc6c084ea04dafbd00fe260bf1d502 --incr --debug typical --relax --mt 2 -L xil_defaultlib -L secureip --snapshot sevenSegDecoder_tb_behav xil_defaultlib.sevenSegDecoder_tb -log elaborate.log 
Using 2 slave threads.
Starting static elaboration
Completed static elaboration
INFO: [XSIM 43-4323] No Change in HDL. Linking previously generated obj files to create kernel
INFO: [USF-XSim-69] 'elaborate' step finished in '3' seconds
INFO: [USF-XSim-4] XSim::Simulate design
INFO: [USF-XSim-61] Executing 'SIMULATE' step in 'C:/Users/C27Brandon.Sweitzer/code/ece281-lab2/src/hdl/binaryHexDisplay/binaryHexDisplay.sim/sim_1/behav/xsim'
INFO: [USF-XSim-98] *** Running xsim
   with args "sevenSegDecoder_tb_behav -key {Behavioral:sim_1:Functional:sevenSegDecoder_tb} -tclbatch {sevenSegDecoder_tb.tcl} -log {simulate.log}"
INFO: [USF-XSim-8] Loading simulator feature
Vivado Simulator 2018.2
Time resolution is 1 ps
source sevenSegDecoder_tb.tcl
# set curr_wave [current_wave_config]
# if { [string length $curr_wave] == 0 } {
#   if { [llength [get_objects]] > 0} {
#     add_wave /
#     set_property needs_save false [current_wave_config]
#   } else {
#      send_msg_id Add_Wave-1 WARNING "No top level signals found. Simulator will start without a wave window. If you want to open a wave window go to 'File->New Waveform Configuration' or type 'create_wave_config' in the TCL console."
#   }
# }
# run 1000ns
INFO: [USF-XSim-96] XSim completed. Design snapshot 'sevenSegDecoder_tb_behav' loaded.
INFO: [USF-XSim-97] XSim simulation ran for 1000ns
launch_simulation: Time (s): cpu = 00:00:01 ; elapsed = 00:00:06 . Memory (MB): peak = 1880.793 ; gain = 0.000
run 160 ns
run 160 ns
close_sim
INFO: [Simtcl 6-16] Simulation closed
launch_simulation
INFO: [Vivado 12-5682] Launching behavioral simulation in 'C:/Users/C27Brandon.Sweitzer/code/ece281-lab2/src/hdl/binaryHexDisplay/binaryHexDisplay.sim/sim_1/behav/xsim'
INFO: [SIM-utils-51] Simulation object is 'sim_1'
INFO: [SIM-utils-54] Inspecting design source files for 'sevenSegDecoder_tb' in fileset 'sim_1'...
INFO: [USF-XSim-97] Finding global include files...
INFO: [USF-XSim-98] Fetching design files from 'sim_1'...
INFO: [USF-XSim-2] XSim::Compile design
INFO: [USF-XSim-61] Executing 'COMPILE and ANALYZE' step in 'C:/Users/C27Brandon.Sweitzer/code/ece281-lab2/src/hdl/binaryHexDisplay/binaryHexDisplay.sim/sim_1/behav/xsim'
"xvhdl --incr --relax -prj sevenSegDecoder_tb_vhdl.prj"
INFO: [USF-XSim-69] 'compile' step finished in '1' seconds
INFO: [USF-XSim-3] XSim::Elaborate design
INFO: [USF-XSim-61] Executing 'ELABORATE' step in 'C:/Users/C27Brandon.Sweitzer/code/ece281-lab2/src/hdl/binaryHexDisplay/binaryHexDisplay.sim/sim_1/behav/xsim'
Vivado Simulator 2018.2
Copyright 1986-1999, 2001-2018 Xilinx, Inc. All Rights Reserved.
Running: C:/Xilinx/Vivado/2018.2/bin/unwrapped/win64.o/xelab.exe -wto 02fc6c084ea04dafbd00fe260bf1d502 --incr --debug typical --relax --mt 2 -L xil_defaultlib -L secureip --snapshot sevenSegDecoder_tb_behav xil_defaultlib.sevenSegDecoder_tb -log elaborate.log 
Using 2 slave threads.
Starting static elaboration
Completed static elaboration
INFO: [XSIM 43-4323] No Change in HDL. Linking previously generated obj files to create kernel
INFO: [USF-XSim-69] 'elaborate' step finished in '2' seconds
INFO: [USF-XSim-4] XSim::Simulate design
INFO: [USF-XSim-61] Executing 'SIMULATE' step in 'C:/Users/C27Brandon.Sweitzer/code/ece281-lab2/src/hdl/binaryHexDisplay/binaryHexDisplay.sim/sim_1/behav/xsim'
INFO: [USF-XSim-98] *** Running xsim
   with args "sevenSegDecoder_tb_behav -key {Behavioral:sim_1:Functional:sevenSegDecoder_tb} -tclbatch {sevenSegDecoder_tb.tcl} -log {simulate.log}"
INFO: [USF-XSim-8] Loading simulator feature
Vivado Simulator 2018.2
Time resolution is 1 ps
source sevenSegDecoder_tb.tcl
# set curr_wave [current_wave_config]
# if { [string length $curr_wave] == 0 } {
#   if { [llength [get_objects]] > 0} {
#     add_wave /
#     set_property needs_save false [current_wave_config]
#   } else {
#      send_msg_id Add_Wave-1 WARNING "No top level signals found. Simulator will start without a wave window. If you want to open a wave window go to 'File->New Waveform Configuration' or type 'create_wave_config' in the TCL console."
#   }
# }
# run 1000ns
INFO: [USF-XSim-96] XSim completed. Design snapshot 'sevenSegDecoder_tb_behav' loaded.
INFO: [USF-XSim-97] XSim simulation ran for 1000ns
export_ip_user_files -of_objects  [get_files C:/Users/C27Brandon.Sweitzer/code/ece281-lab2/src/hdl/binaryHexDisplay/binaryHexDisplay.srcs/sim_1/new/top_basys3_tb.vhd] -no_script -reset -force -quiet
remove_files  -fileset sim_1 C:/Users/C27Brandon.Sweitzer/code/ece281-lab2/src/hdl/binaryHexDisplay/binaryHexDisplay.srcs/sim_1/new/top_basys3_tb.vhd
close_sim
INFO: [Simtcl 6-16] Simulation closed
launch_simulation
INFO: [Vivado 12-5682] Launching behavioral simulation in 'C:/Users/C27Brandon.Sweitzer/code/ece281-lab2/src/hdl/binaryHexDisplay/binaryHexDisplay.sim/sim_1/behav/xsim'
INFO: [SIM-utils-51] Simulation object is 'sim_1'
INFO: [SIM-utils-54] Inspecting design source files for 'sevenSegDecoder_tb' in fileset 'sim_1'...
INFO: [USF-XSim-97] Finding global include files...
INFO: [USF-XSim-98] Fetching design files from 'sim_1'...
INFO: [USF-XSim-2] XSim::Compile design
INFO: [USF-XSim-61] Executing 'COMPILE and ANALYZE' step in 'C:/Users/C27Brandon.Sweitzer/code/ece281-lab2/src/hdl/binaryHexDisplay/binaryHexDisplay.sim/sim_1/behav/xsim'
"xvhdl --incr --relax -prj sevenSegDecoder_tb_vhdl.prj"
INFO: [USF-XSim-69] 'compile' step finished in '1' seconds
INFO: [USF-XSim-3] XSim::Elaborate design
INFO: [USF-XSim-61] Executing 'ELABORATE' step in 'C:/Users/C27Brandon.Sweitzer/code/ece281-lab2/src/hdl/binaryHexDisplay/binaryHexDisplay.sim/sim_1/behav/xsim'
Vivado Simulator 2018.2
Copyright 1986-1999, 2001-2018 Xilinx, Inc. All Rights Reserved.
Running: C:/Xilinx/Vivado/2018.2/bin/unwrapped/win64.o/xelab.exe -wto 02fc6c084ea04dafbd00fe260bf1d502 --incr --debug typical --relax --mt 2 -L xil_defaultlib -L secureip --snapshot sevenSegDecoder_tb_behav xil_defaultlib.sevenSegDecoder_tb -log elaborate.log 
Using 2 slave threads.
Starting static elaboration
Completed static elaboration
INFO: [XSIM 43-4323] No Change in HDL. Linking previously generated obj files to create kernel
INFO: [USF-XSim-69] 'elaborate' step finished in '1' seconds
INFO: [USF-XSim-4] XSim::Simulate design
INFO: [USF-XSim-61] Executing 'SIMULATE' step in 'C:/Users/C27Brandon.Sweitzer/code/ece281-lab2/src/hdl/binaryHexDisplay/binaryHexDisplay.sim/sim_1/behav/xsim'
INFO: [USF-XSim-98] *** Running xsim
   with args "sevenSegDecoder_tb_behav -key {Behavioral:sim_1:Functional:sevenSegDecoder_tb} -tclbatch {sevenSegDecoder_tb.tcl} -log {simulate.log}"
INFO: [USF-XSim-8] Loading simulator feature
Vivado Simulator 2018.2
Time resolution is 1 ps
source sevenSegDecoder_tb.tcl
# set curr_wave [current_wave_config]
# if { [string length $curr_wave] == 0 } {
#   if { [llength [get_objects]] > 0} {
#     add_wave /
#     set_property needs_save false [current_wave_config]
#   } else {
#      send_msg_id Add_Wave-1 WARNING "No top level signals found. Simulator will start without a wave window. If you want to open a wave window go to 'File->New Waveform Configuration' or type 'create_wave_config' in the TCL console."
#   }
# }
# run 1000ns
INFO: [USF-XSim-96] XSim completed. Design snapshot 'sevenSegDecoder_tb_behav' loaded.
INFO: [USF-XSim-97] XSim simulation ran for 1000ns
run 160 ns
run 150 ns
run 150 ns
run 150 ns
relaunch_sim
INFO: [Vivado 12-5682] Launching behavioral simulation in 'C:/Users/C27Brandon.Sweitzer/code/ece281-lab2/src/hdl/binaryHexDisplay/binaryHexDisplay.sim/sim_1/behav/xsim'
INFO: [SIM-utils-51] Simulation object is 'sim_1'
INFO: [SIM-utils-54] Inspecting design source files for 'sevenSegDecoder_tb' in fileset 'sim_1'...
INFO: [USF-XSim-97] Finding global include files...
INFO: [USF-XSim-98] Fetching design files from 'sim_1'...
INFO: [USF-XSim-2] XSim::Compile design
INFO: [USF-XSim-61] Executing 'COMPILE and ANALYZE' step in 'C:/Users/C27Brandon.Sweitzer/code/ece281-lab2/src/hdl/binaryHexDisplay/binaryHexDisplay.sim/sim_1/behav/xsim'
"xvhdl --incr --relax -prj sevenSegDecoder_tb_vhdl.prj"
INFO: [VRFC 10-163] Analyzing VHDL file "C:/Users/C27Brandon.Sweitzer/code/ece281-lab2/src/hdl/lab2_template_tb.vhd" into library xil_defaultlib
INFO: [VRFC 10-307] analyzing entity sevenSegDecoder_tb
INFO: [USF-XSim-69] 'compile' step finished in '1' seconds
INFO: [Vivado 12-5682] Launching behavioral simulation in 'C:/Users/C27Brandon.Sweitzer/code/ece281-lab2/src/hdl/binaryHexDisplay/binaryHexDisplay.sim/sim_1/behav/xsim'
INFO: [USF-XSim-3] XSim::Elaborate design
INFO: [USF-XSim-61] Executing 'ELABORATE' step in 'C:/Users/C27Brandon.Sweitzer/code/ece281-lab2/src/hdl/binaryHexDisplay/binaryHexDisplay.sim/sim_1/behav/xsim'
Vivado Simulator 2018.2
Copyright 1986-1999, 2001-2018 Xilinx, Inc. All Rights Reserved.
Running: C:/Xilinx/Vivado/2018.2/bin/unwrapped/win64.o/xelab.exe -wto 02fc6c084ea04dafbd00fe260bf1d502 --incr --debug typical --relax --mt 2 -L xil_defaultlib -L secureip --snapshot sevenSegDecoder_tb_behav xil_defaultlib.sevenSegDecoder_tb -log elaborate.log 
Using 2 slave threads.
Starting static elaboration
Completed static elaboration
Starting simulation data flow analysis
Completed simulation data flow analysis
Time Resolution for simulation is 1ps
Compiling package std.standard
Compiling package std.textio
Compiling package ieee.std_logic_1164
Compiling package ieee.numeric_std
Compiling architecture behavioral of entity xil_defaultlib.sevenSegDecoder [sevensegdecoder_default]
Compiling architecture test_bench of entity xil_defaultlib.sevensegdecoder_tb
Built simulation snapshot sevenSegDecoder_tb_behav

****** Webtalk v2018.2 (64-bit)
  **** SW Build 2258646 on Thu Jun 14 20:03:12 MDT 2018
  **** IP Build 2256618 on Thu Jun 14 22:10:49 MDT 2018
    ** Copyright 1986-2018 Xilinx, Inc. All Rights Reserved.

source C:/Users/C27Brandon.Sweitzer/code/ece281-lab2/src/hdl/binaryHexDisplay/binaryHexDisplay.sim/sim_1/behav/xsim/xsim.dir/sevenSegDecoder_tb_behav/webtalk/xsim_webtalk.tcl -notrace
INFO: [Common 17-206] Exiting Webtalk at Sat Mar  2 13:00:05 2024...
INFO: [USF-XSim-69] 'elaborate' step finished in '4' seconds
Vivado Simulator 2018.2
Time resolution is 1 ps
relaunch_sim: Time (s): cpu = 00:00:00 ; elapsed = 00:00:09 . Memory (MB): peak = 1880.793 ; gain = 0.000
synth_design -rtl -name rtl_1
Command: synth_design -rtl -name rtl_1
Starting synth_design
Using part: xc7a35tcpg236-1
Top: top_basys3
---------------------------------------------------------------------------------
Starting RTL Elaboration : Time (s): cpu = 00:00:01 ; elapsed = 00:00:02 . Memory (MB): peak = 1880.793 ; gain = 0.000
---------------------------------------------------------------------------------
INFO: [Synth 8-638] synthesizing module 'top_basys3' [C:/Users/C27Brandon.Sweitzer/code/ece281-lab2/src/hdl/top_basys3.vhd:80]
INFO: [Synth 8-3491] module 'sevenSegDecoder' declared at 'C:/Users/C27Brandon.Sweitzer/code/ece281-lab2/src/hdl/binaryHexDisplay/binaryHexDisplay.srcs/sources_1/new/sevenSegDecoder.vhd:34' bound to instance 'sevenSegDecoder_inst' of component 'sevenSegDecoder' [C:/Users/C27Brandon.Sweitzer/code/ece281-lab2/src/hdl/top_basys3.vhd:110]
INFO: [Synth 8-638] synthesizing module 'sevenSegDecoder' [C:/Users/C27Brandon.Sweitzer/code/ece281-lab2/src/hdl/binaryHexDisplay/binaryHexDisplay.srcs/sources_1/new/sevenSegDecoder.vhd:42]
WARNING: [Synth 8-6426] Mix of Sync and Async assignments to register 'o_S_reg' in module 'sevenSegDecoder' in the same process may cause logic issues. 
 Please split the sync and async parts into different processes [C:/Users/C27Brandon.Sweitzer/code/ece281-lab2/src/hdl/binaryHexDisplay/binaryHexDisplay.srcs/sources_1/new/sevenSegDecoder.vhd:45]
WARNING: [Synth 8-6426] Mix of Sync and Async assignments to register 'o_S_reg' in module 'sevenSegDecoder' in the same process may cause logic issues. 
 Please split the sync and async parts into different processes [C:/Users/C27Brandon.Sweitzer/code/ece281-lab2/src/hdl/binaryHexDisplay/binaryHexDisplay.srcs/sources_1/new/sevenSegDecoder.vhd:60]
WARNING: [Synth 8-6426] Mix of Sync and Async assignments to register 'o_S_reg' in module 'sevenSegDecoder' in the same process may cause logic issues. 
 Please split the sync and async parts into different processes [C:/Users/C27Brandon.Sweitzer/code/ece281-lab2/src/hdl/binaryHexDisplay/binaryHexDisplay.srcs/sources_1/new/sevenSegDecoder.vhd:66]
WARNING: [Synth 8-6426] Mix of Sync and Async assignments to register 'o_S_reg' in module 'sevenSegDecoder' in the same process may cause logic issues. 
 Please split the sync and async parts into different processes [C:/Users/C27Brandon.Sweitzer/code/ece281-lab2/src/hdl/binaryHexDisplay/binaryHexDisplay.srcs/sources_1/new/sevenSegDecoder.vhd:73]
WARNING: [Synth 8-6426] Mix of Sync and Async assignments to register 'o_S_reg' in module 'sevenSegDecoder' in the same process may cause logic issues. 
 Please split the sync and async parts into different processes [C:/Users/C27Brandon.Sweitzer/code/ece281-lab2/src/hdl/binaryHexDisplay/binaryHexDisplay.srcs/sources_1/new/sevenSegDecoder.vhd:80]
INFO: [Synth 8-256] done synthesizing module 'sevenSegDecoder' (1#1) [C:/Users/C27Brandon.Sweitzer/code/ece281-lab2/src/hdl/binaryHexDisplay/binaryHexDisplay.srcs/sources_1/new/sevenSegDecoder.vhd:42]
INFO: [Synth 8-256] done synthesizing module 'top_basys3' (2#1) [C:/Users/C27Brandon.Sweitzer/code/ece281-lab2/src/hdl/top_basys3.vhd:80]
WARNING: [Synth 8-3917] design top_basys3 has port an[3] driven by constant 1
WARNING: [Synth 8-3917] design top_basys3 has port an[2] driven by constant 1
WARNING: [Synth 8-3917] design top_basys3 has port an[1] driven by constant 1
WARNING: [Synth 8-3917] design top_basys3 has port an[0] driven by constant 0
---------------------------------------------------------------------------------
Finished RTL Elaboration : Time (s): cpu = 00:00:01 ; elapsed = 00:00:03 . Memory (MB): peak = 1880.793 ; gain = 0.000
---------------------------------------------------------------------------------

Report Check Netlist: 
+------+------------------+-------+---------+-------+------------------+
|      |Item              |Errors |Warnings |Status |Description       |
+------+------------------+-------+---------+-------+------------------+
|1     |multi_driven_nets |      0|        0|Passed |Multi driven nets |
+------+------------------+-------+---------+-------+------------------+
---------------------------------------------------------------------------------
Start Handling Custom Attributes
---------------------------------------------------------------------------------
---------------------------------------------------------------------------------
Finished Handling Custom Attributes : Time (s): cpu = 00:00:01 ; elapsed = 00:00:03 . Memory (MB): peak = 1880.793 ; gain = 0.000
---------------------------------------------------------------------------------
---------------------------------------------------------------------------------
Finished RTL Optimization Phase 1 : Time (s): cpu = 00:00:01 ; elapsed = 00:00:03 . Memory (MB): peak = 1880.793 ; gain = 0.000
---------------------------------------------------------------------------------
INFO: [Project 1-570] Preparing netlist for logic optimization
INFO: [Opt 31-141] Inserted 4 OBUFs to IO ports without IO buffers.

Processing XDC Constraints
Initializing timing engine
Parsing XDC File [C:/Users/C27Brandon.Sweitzer/code/ece281-lab2/src/hdl/Basys3_Master.xdc]
Finished Parsing XDC File [C:/Users/C27Brandon.Sweitzer/code/ece281-lab2/src/hdl/Basys3_Master.xdc]
Completed Processing XDC Constraints

INFO: [Opt 31-138] Pushed 0 inverter(s) to 0 load pin(s).
INFO: [Project 1-111] Unisim Transformation Summary:
No Unisim elements were transformed.

RTL Elaboration Complete:  : Time (s): cpu = 00:00:03 ; elapsed = 00:00:05 . Memory (MB): peak = 1968.332 ; gain = 87.539
9 Infos, 9 Warnings, 0 Critical Warnings and 0 Errors encountered.
synth_design completed successfully
synth_design: Time (s): cpu = 00:00:03 ; elapsed = 00:00:05 . Memory (MB): peak = 1968.332 ; gain = 87.539
save_wave_config {C:/Users/C27Brandon.Sweitzer/code/ece281-lab2/src/hdl/binaryHexDisplay/sevenSegDecoder_tb_behav.wcfg}
add_files -fileset sim_1 -norecurse C:/Users/C27Brandon.Sweitzer/code/ece281-lab2/src/hdl/binaryHexDisplay/sevenSegDecoder_tb_behav.wcfg
set_property xsim.view C:/Users/C27Brandon.Sweitzer/code/ece281-lab2/src/hdl/binaryHexDisplay/sevenSegDecoder_tb_behav.wcfg [get_filesets sim_1]
close_sim
INFO: [Simtcl 6-16] Simulation closed
exit
INFO: [Common 17-206] Exiting Vivado at Sun Mar  3 15:56:11 2024...
