#-----------------------------------------------------------
# Vivado v2018.2 (64-bit)
# SW Build 2258646 on Thu Jun 14 20:03:12 MDT 2018
# IP Build 2256618 on Thu Jun 14 22:10:49 MDT 2018
# Start of session at: Mon Feb 26 13:05:05 2024
# Process ID: 25588
# Current directory: C:/Users/C27Brandon.Sweitzer/code/ece281-ice3
# Command line: vivado.exe -gui_launcher_event rodinguilauncherevent8400 C:\Users\C27Brandon.Sweitzer\code\ece281-ice3\fullAdder.xpr
# Log file: C:/Users/C27Brandon.Sweitzer/code/ece281-ice3/vivado.log
# Journal file: C:/Users/C27Brandon.Sweitzer/code/ece281-ice3\vivado.jou
#-----------------------------------------------------------
start_gui
open_project C:/Users/C27Brandon.Sweitzer/code/ece281-ice3/fullAdder.xpr
Scanning sources...
Finished scanning sources
INFO: [IP_Flow 19-234] Refreshing IP repositories
INFO: [IP_Flow 19-1704] No user IP repositories specified
INFO: [IP_Flow 19-2313] Loaded Vivado IP repository 'C:/Xilinx/Vivado/2018.2/data/ip'.
open_project: Time (s): cpu = 00:00:08 ; elapsed = 00:00:12 . Memory (MB): peak = 752.840 ; gain = 63.633
exit
INFO: [Common 17-206] Exiting Vivado at Mon Feb 26 21:09:25 2024...
