#-----------------------------------------------------------
# Vivado v2018.2 (64-bit)
# SW Build 2258646 on Thu Jun 14 20:03:12 MDT 2018
# IP Build 2256618 on Thu Jun 14 22:10:49 MDT 2018
# Start of session at: Thu Feb 15 23:14:10 2024
# Process ID: 2268
# Current directory: C:/Users/C27Brandon.Sweitzer/code/ece281-ice3
# Command line: vivado.exe -gui_launcher_event rodinguilauncherevent19160 C:\Users\C27Brandon.Sweitzer\code\ece281-ice3\fullAdder.xpr
# Log file: C:/Users/C27Brandon.Sweitzer/code/ece281-ice3/vivado.log
# Journal file: C:/Users/C27Brandon.Sweitzer/code/ece281-ice3\vivado.jou
#-----------------------------------------------------------
start_gui
open_project C:/Users/C27Brandon.Sweitzer/code/ece281-ice3/fullAdder.xpr
Scanning sources...
Finished scanning sources
INFO: [IP_Flow 19-234] Refreshing IP repositories
INFO: [IP_Flow 19-1704] No user IP repositories specified
INFO: [IP_Flow 19-2313] Loaded Vivado IP repository 'C:/Xilinx/Vivado/2018.2/data/ip'.
open_project: Time (s): cpu = 00:00:03 ; elapsed = 00:00:05 . Memory (MB): peak = 762.742 ; gain = 52.633
set_property top halfAdder_tb [get_filesets sim_1]
set_property top_lib xil_defaultlib [get_filesets sim_1]
set_property SOURCE_SET {} [get_filesets sim_1]
add_files -fileset sim_1 -norecurse {C:/Users/C27Brandon.Sweitzer/code/ece281-ice3/src/hdl/halfAdder.vhd C:/Users/C27Brandon.Sweitzer/code/ece281-ice3/src/hdl/top_basys3.vhd}
set_property SOURCE_SET {} [get_filesets sim_1]
add_files -fileset sim_1 -norecurse {C:/Users/C27Brandon.Sweitzer/code/ece281-ice3/src/hdl/halfAdder.vhd C:/Users/C27Brandon.Sweitzer/code/ece281-ice3/src/hdl/top_basys3.vhd}
WARNING: [filemgmt 56-12] File 'C:/Users/C27Brandon.Sweitzer/code/ece281-ice3/src/hdl/halfAdder.vhd' cannot be added to the project because it already exists in the project, skipping this file
WARNING: [filemgmt 56-12] File 'C:/Users/C27Brandon.Sweitzer/code/ece281-ice3/src/hdl/top_basys3.vhd' cannot be added to the project because it already exists in the project, skipping this file
set_property top top_basys3_tb [get_filesets sim_1]
set_property top_lib xil_defaultlib [get_filesets sim_1]
launch_simulation
INFO: [Vivado 12-5682] Launching behavioral simulation in 'C:/Users/C27Brandon.Sweitzer/code/ece281-ice3/fullAdder.sim/sim_1/behav/xsim'
INFO: [SIM-utils-51] Simulation object is 'sim_1'
INFO: [SIM-utils-54] Inspecting design source files for 'top_basys3_tb' in fileset 'sim_1'...
INFO: [USF-XSim-97] Finding global include files...
INFO: [USF-XSim-101] Fetching design files from 'sim_1'...
INFO: [USF-XSim-2] XSim::Compile design
INFO: [USF-XSim-61] Executing 'COMPILE and ANALYZE' step in 'C:/Users/C27Brandon.Sweitzer/code/ece281-ice3/fullAdder.sim/sim_1/behav/xsim'
"xvhdl --incr --relax -prj top_basys3_tb_vhdl.prj"
INFO: [VRFC 10-163] Analyzing VHDL file "C:/Users/C27Brandon.Sweitzer/code/ece281-ice3/src/hdl/halfAdder_tb.vhd" into library xil_defaultlib
INFO: [VRFC 10-307] analyzing entity halfAdder_tb
INFO: [VRFC 10-163] Analyzing VHDL file "C:/Users/C27Brandon.Sweitzer/code/ece281-ice3/src/hdl/top_basys3_tb.vhd" into library xil_defaultlib
INFO: [VRFC 10-307] analyzing entity top_basys3_tb
ERROR: [VRFC 10-91] w_led is not declared [C:/Users/C27Brandon.Sweitzer/code/ece281-ice3/src/hdl/top_basys3_tb.vhd:104]
ERROR: [VRFC 10-91] w_led is not declared [C:/Users/C27Brandon.Sweitzer/code/ece281-ice3/src/hdl/top_basys3_tb.vhd:106]
ERROR: [VRFC 10-91] w_led is not declared [C:/Users/C27Brandon.Sweitzer/code/ece281-ice3/src/hdl/top_basys3_tb.vhd:108]
ERROR: [VRFC 10-91] w_led is not declared [C:/Users/C27Brandon.Sweitzer/code/ece281-ice3/src/hdl/top_basys3_tb.vhd:110]
ERROR: [VRFC 10-91] w_led is not declared [C:/Users/C27Brandon.Sweitzer/code/ece281-ice3/src/hdl/top_basys3_tb.vhd:112]
ERROR: [VRFC 10-91] w_led is not declared [C:/Users/C27Brandon.Sweitzer/code/ece281-ice3/src/hdl/top_basys3_tb.vhd:114]
ERROR: [VRFC 10-91] w_led is not declared [C:/Users/C27Brandon.Sweitzer/code/ece281-ice3/src/hdl/top_basys3_tb.vhd:116]
ERROR: [VRFC 10-91] w_led is not declared [C:/Users/C27Brandon.Sweitzer/code/ece281-ice3/src/hdl/top_basys3_tb.vhd:118]
ERROR: [VRFC 10-1504] unit test_bench ignored due to previous errors [C:/Users/C27Brandon.Sweitzer/code/ece281-ice3/src/hdl/top_basys3_tb.vhd:57]
INFO: [VRFC 10-240] VHDL file C:/Users/C27Brandon.Sweitzer/code/ece281-ice3/src/hdl/top_basys3_tb.vhd ignored due to errors
INFO: [USF-XSim-69] 'compile' step finished in '1' seconds
INFO: [USF-XSim-99] Step results log file:'C:/Users/C27Brandon.Sweitzer/code/ece281-ice3/fullAdder.sim/sim_1/behav/xsim/xvhdl.log'
ERROR: [USF-XSim-62] 'compile' step failed with error(s). Please check the Tcl console output or 'C:/Users/C27Brandon.Sweitzer/code/ece281-ice3/fullAdder.sim/sim_1/behav/xsim/xvhdl.log' file for more information.
ERROR: [Vivado 12-4473] Detected error while running simulation. Please correct the issue and retry this operation.
ERROR: [Common 17-39] 'launch_simulation' failed due to earlier errors.
launch_simulation
INFO: [Vivado 12-5682] Launching behavioral simulation in 'C:/Users/C27Brandon.Sweitzer/code/ece281-ice3/fullAdder.sim/sim_1/behav/xsim'
INFO: [SIM-utils-51] Simulation object is 'sim_1'
INFO: [SIM-utils-54] Inspecting design source files for 'top_basys3_tb' in fileset 'sim_1'...
INFO: [USF-XSim-97] Finding global include files...
INFO: [USF-XSim-101] Fetching design files from 'sim_1'...
INFO: [USF-XSim-2] XSim::Compile design
INFO: [USF-XSim-61] Executing 'COMPILE and ANALYZE' step in 'C:/Users/C27Brandon.Sweitzer/code/ece281-ice3/fullAdder.sim/sim_1/behav/xsim'
"xvhdl --incr --relax -prj top_basys3_tb_vhdl.prj"
INFO: [VRFC 10-163] Analyzing VHDL file "C:/Users/C27Brandon.Sweitzer/code/ece281-ice3/src/hdl/halfAdder_tb.vhd" into library xil_defaultlib
INFO: [VRFC 10-307] analyzing entity halfAdder_tb
INFO: [VRFC 10-163] Analyzing VHDL file "C:/Users/C27Brandon.Sweitzer/code/ece281-ice3/src/hdl/top_basys3_tb.vhd" into library xil_defaultlib
INFO: [VRFC 10-307] analyzing entity top_basys3_tb
ERROR: [VRFC 10-91] w_led is not declared [C:/Users/C27Brandon.Sweitzer/code/ece281-ice3/src/hdl/top_basys3_tb.vhd:104]
ERROR: [VRFC 10-91] w_led is not declared [C:/Users/C27Brandon.Sweitzer/code/ece281-ice3/src/hdl/top_basys3_tb.vhd:106]
ERROR: [VRFC 10-91] w_led is not declared [C:/Users/C27Brandon.Sweitzer/code/ece281-ice3/src/hdl/top_basys3_tb.vhd:108]
ERROR: [VRFC 10-91] w_led is not declared [C:/Users/C27Brandon.Sweitzer/code/ece281-ice3/src/hdl/top_basys3_tb.vhd:110]
ERROR: [VRFC 10-91] w_led is not declared [C:/Users/C27Brandon.Sweitzer/code/ece281-ice3/src/hdl/top_basys3_tb.vhd:112]
ERROR: [VRFC 10-91] w_led is not declared [C:/Users/C27Brandon.Sweitzer/code/ece281-ice3/src/hdl/top_basys3_tb.vhd:114]
ERROR: [VRFC 10-91] w_led is not declared [C:/Users/C27Brandon.Sweitzer/code/ece281-ice3/src/hdl/top_basys3_tb.vhd:116]
ERROR: [VRFC 10-91] w_led is not declared [C:/Users/C27Brandon.Sweitzer/code/ece281-ice3/src/hdl/top_basys3_tb.vhd:118]
ERROR: [VRFC 10-1504] unit test_bench ignored due to previous errors [C:/Users/C27Brandon.Sweitzer/code/ece281-ice3/src/hdl/top_basys3_tb.vhd:57]
INFO: [VRFC 10-240] VHDL file C:/Users/C27Brandon.Sweitzer/code/ece281-ice3/src/hdl/top_basys3_tb.vhd ignored due to errors
INFO: [USF-XSim-69] 'compile' step finished in '1' seconds
INFO: [USF-XSim-99] Step results log file:'C:/Users/C27Brandon.Sweitzer/code/ece281-ice3/fullAdder.sim/sim_1/behav/xsim/xvhdl.log'
ERROR: [USF-XSim-62] 'compile' step failed with error(s). Please check the Tcl console output or 'C:/Users/C27Brandon.Sweitzer/code/ece281-ice3/fullAdder.sim/sim_1/behav/xsim/xvhdl.log' file for more information.
ERROR: [Vivado 12-4473] Detected error while running simulation. Please correct the issue and retry this operation.
ERROR: [Common 17-39] 'launch_simulation' failed due to earlier errors.
