#-----------------------------------------------------------
# Vivado v2018.2 (64-bit)
# SW Build 2258646 on Thu Jun 14 20:03:12 MDT 2018
# IP Build 2256618 on Thu Jun 14 22:10:49 MDT 2018
# Start of session at: Thu Feb 15 20:34:25 2024
# Process ID: 13972
# Current directory: C:/Users/C27Brandon.Sweitzer/code/ece281-ice3
# Command line: vivado.exe -gui_launcher_event rodinguilauncherevent15068 C:\Users\C27Brandon.Sweitzer\code\ece281-ice3\fullAdder.xpr
# Log file: C:/Users/C27Brandon.Sweitzer/code/ece281-ice3/vivado.log
# Journal file: C:/Users/C27Brandon.Sweitzer/code/ece281-ice3\vivado.jou
#-----------------------------------------------------------
start_gui
open_project C:/Users/C27Brandon.Sweitzer/code/ece281-ice3/fullAdder.xpr
Scanning sources...
Finished scanning sources
WARNING: [filemgmt 56-3] IPUserFilesDir: Could not find the directory 'C:/Users/C27Brandon.Sweitzer/code/ece281-ice3/fullAdder.ip_user_files'.
INFO: [IP_Flow 19-234] Refreshing IP repositories
INFO: [IP_Flow 19-1704] No user IP repositories specified
INFO: [IP_Flow 19-2313] Loaded Vivado IP repository 'C:/Xilinx/Vivado/2018.2/data/ip'.
update_compile_order -fileset sources_1
set_property source_mgmt_mode DisplayOnly [current_project]
reorder_files -fileset sim_1 -after C:/Users/C27Brandon.Sweitzer/code/ece281-ice3/src/hdl/top_basys3_tb.vhd C:/Users/C27Brandon.Sweitzer/code/ece281-ice3/src/hdl/top_basys3_tb.vhd
add_files -norecurse C:/Users/C27Brandon.Sweitzer/code/ece281-ice3/src/hdl/halfAdder_tb.vhd
export_ip_user_files -of_objects  [get_files C:/Users/C27Brandon.Sweitzer/code/ece281-ice3/src/hdl/halfAdder_tb.vhd] -no_script -reset -force -quiet
remove_files  C:/Users/C27Brandon.Sweitzer/code/ece281-ice3/src/hdl/halfAdder_tb.vhd
add_files -norecurse C:/Users/C27Brandon.Sweitzer/code/ece281-ice3/src/hdl/halfAdder.vhd
